	Command being timed: "velveth output_dir 31 -fastq -shortPaired -separate 800_3_PE5_interleaved.fq_1 800_3_PE5_interleaved.fq_2 -fastq -short2 800_3_PE5_interleaved.fq.unmatched"
	User time (seconds): 59.33
	System time (seconds): 1.75
	Percent of CPU this job got: 345%
	Elapsed (wall clock) time (h:mm:ss or m:ss): 0:17.66
	Average shared text size (kbytes): 0
	Average unshared data size (kbytes): 0
	Average stack size (kbytes): 0
	Average total size (kbytes): 0
	Maximum resident set size (kbytes): 1098472
	Average resident set size (kbytes): 0
	Major (requiring I/O) page faults: 0
	Minor (reclaiming a frame) page faults: 296160
	Voluntary context switches: 687
	Involuntary context switches: 483
	Swaps: 0
	File system inputs: 0
	File system outputs: 0
	Socket messages sent: 0
	Socket messages received: 0
	Signals delivered: 0
	Page size (bytes): 4096
	Exit status: 0
	Command being timed: "velvetg output_dir -exp_cov 98.5912995"
	User time (seconds): 123.40
	System time (seconds): 1.54
	Percent of CPU this job got: 314%
	Elapsed (wall clock) time (h:mm:ss or m:ss): 0:39.71
	Average shared text size (kbytes): 0
	Average unshared data size (kbytes): 0
	Average stack size (kbytes): 0
	Average total size (kbytes): 0
	Maximum resident set size (kbytes): 563776
	Average resident set size (kbytes): 0
	Major (requiring I/O) page faults: 0
	Minor (reclaiming a frame) page faults: 423301
	Voluntary context switches: 601
	Involuntary context switches: 235
	Swaps: 0
	File system inputs: 0
	File system outputs: 0
	Socket messages sent: 0
	Socket messages received: 0
	Signals delivered: 0
	Page size (bytes): 4096
	Exit status: 0
	Command being timed: "velveth output_dir 41 -fastq -shortPaired -separate 800_3_PE5_interleaved.fq_1 800_3_PE5_interleaved.fq_2 -fastq -short2 800_3_PE5_interleaved.fq.unmatched"
	User time (seconds): 55.66
	System time (seconds): 1.72
	Percent of CPU this job got: 332%
	Elapsed (wall clock) time (h:mm:ss or m:ss): 0:17.26
	Average shared text size (kbytes): 0
	Average unshared data size (kbytes): 0
	Average stack size (kbytes): 0
	Average total size (kbytes): 0
	Maximum resident set size (kbytes): 1085036
	Average resident set size (kbytes): 0
	Major (requiring I/O) page faults: 0
	Minor (reclaiming a frame) page faults: 281628
	Voluntary context switches: 891
	Involuntary context switches: 453
	Swaps: 0
	File system inputs: 0
	File system outputs: 0
	Socket messages sent: 0
	Socket messages received: 0
	Signals delivered: 0
	Page size (bytes): 4096
	Exit status: 0
	Command being timed: "velvetg output_dir -exp_cov 98.5912995"
	User time (seconds): 93.62
	System time (seconds): 1.25
	Percent of CPU this job got: 302%
	Elapsed (wall clock) time (h:mm:ss or m:ss): 0:31.38
	Average shared text size (kbytes): 0
	Average unshared data size (kbytes): 0
	Average stack size (kbytes): 0
	Average total size (kbytes): 0
	Maximum resident set size (kbytes): 480940
	Average resident set size (kbytes): 0
	Major (requiring I/O) page faults: 0
	Minor (reclaiming a frame) page faults: 246146
	Voluntary context switches: 394
	Involuntary context switches: 154
	Swaps: 0
	File system inputs: 0
	File system outputs: 0
	Socket messages sent: 0
	Socket messages received: 0
	Signals delivered: 0
	Page size (bytes): 4096
	Exit status: 0
	Command being timed: "velveth output_dir 49 -fastq -shortPaired -separate 800_3_PE5_interleaved.fq_1 800_3_PE5_interleaved.fq_2 -fastq -short2 800_3_PE5_interleaved.fq.unmatched"
	User time (seconds): 48.94
	System time (seconds): 1.67
	Percent of CPU this job got: 311%
	Elapsed (wall clock) time (h:mm:ss or m:ss): 0:16.23
	Average shared text size (kbytes): 0
	Average unshared data size (kbytes): 0
	Average stack size (kbytes): 0
	Average total size (kbytes): 0
	Maximum resident set size (kbytes): 1054556
	Average resident set size (kbytes): 0
	Major (requiring I/O) page faults: 0
	Minor (reclaiming a frame) page faults: 197163
	Voluntary context switches: 771
	Involuntary context switches: 399
	Swaps: 0
	File system inputs: 0
	File system outputs: 0
	Socket messages sent: 0
	Socket messages received: 0
	Signals delivered: 0
	Page size (bytes): 4096
	Exit status: 0
	Command being timed: "velvetg output_dir -exp_cov 98.5912995"
	User time (seconds): 73.27
	System time (seconds): 1.12
	Percent of CPU this job got: 283%
	Elapsed (wall clock) time (h:mm:ss or m:ss): 0:26.25
	Average shared text size (kbytes): 0
	Average unshared data size (kbytes): 0
	Average stack size (kbytes): 0
	Average total size (kbytes): 0
	Maximum resident set size (kbytes): 479032
	Average resident set size (kbytes): 0
	Major (requiring I/O) page faults: 0
	Minor (reclaiming a frame) page faults: 189923
	Voluntary context switches: 282
	Involuntary context switches: 119
	Swaps: 0
	File system inputs: 0
	File system outputs: 0
	Socket messages sent: 0
	Socket messages received: 0
	Signals delivered: 0
	Page size (bytes): 4096
	Exit status: 0
	Command being timed: "velveth output_dir 49 -fastq -shortPaired -separate 800_3_PE5_interleaved.fq_1 800_3_PE5_interleaved.fq_2 -fastq -short2 800_3_PE5_interleaved.fq.unmatched"
	User time (seconds): 49.79
	System time (seconds): 1.60
	Percent of CPU this job got: 307%
	Elapsed (wall clock) time (h:mm:ss or m:ss): 0:16.73
	Average shared text size (kbytes): 0
	Average unshared data size (kbytes): 0
	Average stack size (kbytes): 0
	Average total size (kbytes): 0
	Maximum resident set size (kbytes): 1054840
	Average resident set size (kbytes): 0
	Major (requiring I/O) page faults: 0
	Minor (reclaiming a frame) page faults: 236842
	Voluntary context switches: 502
	Involuntary context switches: 386
	Swaps: 0
	File system inputs: 0
	File system outputs: 0
	Socket messages sent: 0
	Socket messages received: 0
	Signals delivered: 0
	Page size (bytes): 4096
	Exit status: 0
	Command being timed: "velvetg output_dir -exp_cov 98.5912995 -cov_cutoff 20"
	User time (seconds): 72.53
	System time (seconds): 1.13
	Percent of CPU this job got: 281%
	Elapsed (wall clock) time (h:mm:ss or m:ss): 0:26.16
	Average shared text size (kbytes): 0
	Average unshared data size (kbytes): 0
	Average stack size (kbytes): 0
	Average total size (kbytes): 0
	Maximum resident set size (kbytes): 480892
	Average resident set size (kbytes): 0
	Major (requiring I/O) page faults: 0
	Minor (reclaiming a frame) page faults: 189580
	Voluntary context switches: 345
	Involuntary context switches: 123
	Swaps: 0
	File system inputs: 0
	File system outputs: 0
	Socket messages sent: 0
	Socket messages received: 0
	Signals delivered: 0
	Page size (bytes): 4096
	Exit status: 0
	Command being timed: "velveth output_dir 49 -fastq -shortPaired -separate 800_3_PE5_interleaved.fq_1 800_3_PE5_interleaved.fq_2 -fastq -short2 800_3_PE5_interleaved.fq.unmatched"
	User time (seconds): 49.20
	System time (seconds): 1.55
	Percent of CPU this job got: 311%
	Elapsed (wall clock) time (h:mm:ss or m:ss): 0:16.29
	Average shared text size (kbytes): 0
	Average unshared data size (kbytes): 0
	Average stack size (kbytes): 0
	Average total size (kbytes): 0
	Maximum resident set size (kbytes): 1054412
	Average resident set size (kbytes): 0
	Major (requiring I/O) page faults: 0
	Minor (reclaiming a frame) page faults: 197165
	Voluntary context switches: 494
	Involuntary context switches: 399
	Swaps: 0
	File system inputs: 0
	File system outputs: 0
	Socket messages sent: 0
	Socket messages received: 0
	Signals delivered: 0
	Page size (bytes): 4096
	Exit status: 0
	Command being timed: "velvetg output_dir -exp_cov 98.5912995 -cov_cutoff 60"
	User time (seconds): 69.95
	System time (seconds): 1.11
	Percent of CPU this job got: 286%
	Elapsed (wall clock) time (h:mm:ss or m:ss): 0:24.81
	Average shared text size (kbytes): 0
	Average unshared data size (kbytes): 0
	Average stack size (kbytes): 0
	Average total size (kbytes): 0
	Maximum resident set size (kbytes): 480904
	Average resident set size (kbytes): 0
	Major (requiring I/O) page faults: 0
	Minor (reclaiming a frame) page faults: 190125
	Voluntary context switches: 303
	Involuntary context switches: 120
	Swaps: 0
	File system inputs: 0
	File system outputs: 0
	Socket messages sent: 0
	Socket messages received: 0
	Signals delivered: 0
	Page size (bytes): 4096
	Exit status: 0
	Command being timed: "velveth output_dir 49 -fastq -shortPaired -separate 800_3_PE5_interleaved.fq_1 800_3_PE5_interleaved.fq_2 -fastq -short2 800_3_PE5_interleaved.fq.unmatched"
	User time (seconds): 48.30
	System time (seconds): 1.56
	Percent of CPU this job got: 309%
	Elapsed (wall clock) time (h:mm:ss or m:ss): 0:16.13
	Average shared text size (kbytes): 0
	Average unshared data size (kbytes): 0
	Average stack size (kbytes): 0
	Average total size (kbytes): 0
	Maximum resident set size (kbytes): 1054804
	Average resident set size (kbytes): 0
	Major (requiring I/O) page faults: 0
	Minor (reclaiming a frame) page faults: 202787
	Voluntary context switches: 881
	Involuntary context switches: 361
	Swaps: 0
	File system inputs: 0
	File system outputs: 0
	Socket messages sent: 0
	Socket messages received: 0
	Signals delivered: 0
	Page size (bytes): 4096
	Exit status: 0
	Command being timed: "velvetg output_dir -exp_cov 98.5912995 -cov_cutoff auto"
	User time (seconds): 73.79
	System time (seconds): 1.27
	Percent of CPU this job got: 281%
	Elapsed (wall clock) time (h:mm:ss or m:ss): 0:26.70
	Average shared text size (kbytes): 0
	Average unshared data size (kbytes): 0
	Average stack size (kbytes): 0
	Average total size (kbytes): 0
	Maximum resident set size (kbytes): 478952
	Average resident set size (kbytes): 0
	Major (requiring I/O) page faults: 0
	Minor (reclaiming a frame) page faults: 190168
	Voluntary context switches: 320
	Involuntary context switches: 129
	Swaps: 0
	File system inputs: 0
	File system outputs: 0
	Socket messages sent: 0
	Socket messages received: 0
	Signals delivered: 0
	Page size (bytes): 4096
	Exit status: 0
	Command being timed: "velveth output_dir 49 -fastq -shortPaired -separate 800_3_PE5_interleaved.fq_1 800_3_PE5_interleaved.fq_2 -fastq -short2 800_3_PE5_interleaved.fq.unmatched"
	User time (seconds): 38.77
	System time (seconds): 1.66
	Percent of CPU this job got: 288%
	Elapsed (wall clock) time (h:mm:ss or m:ss): 0:14.01
	Average shared text size (kbytes): 0
	Average unshared data size (kbytes): 0
	Average stack size (kbytes): 0
	Average total size (kbytes): 0
	Maximum resident set size (kbytes): 1054396
	Average resident set size (kbytes): 0
	Major (requiring I/O) page faults: 0
	Minor (reclaiming a frame) page faults: 197024
	Voluntary context switches: 1039
	Involuntary context switches: 280
	Swaps: 0
	File system inputs: 0
	File system outputs: 0
	Socket messages sent: 0
	Socket messages received: 0
	Signals delivered: 0
	Page size (bytes): 4096
	Exit status: 0
	Command being timed: "velvetg output_dir -exp_cov 98.5912995 -cov_cutoff auto -min_contig_lgth 500"
	User time (seconds): 73.36
	System time (seconds): 1.21
	Percent of CPU this job got: 276%
	Elapsed (wall clock) time (h:mm:ss or m:ss): 0:26.93
	Average shared text size (kbytes): 0
	Average unshared data size (kbytes): 0
	Average stack size (kbytes): 0
	Average total size (kbytes): 0
	Maximum resident set size (kbytes): 479120
	Average resident set size (kbytes): 0
	Major (requiring I/O) page faults: 0
	Minor (reclaiming a frame) page faults: 215486
	Voluntary context switches: 336
	Involuntary context switches: 116
	Swaps: 0
	File system inputs: 0
	File system outputs: 0
	Socket messages sent: 0
	Socket messages received: 0
	Signals delivered: 0
	Page size (bytes): 4096
	Exit status: 0
